[22/07/2014 10:23] start VMs test 1
[22/07/2014 10:27] start VMs test 1 (end)
[22/07/2014 12:04] stop VMs test 1
[22/07/2014 13:26] start 4 VMs xlarge in c02
[22/07/2014 14:10] start test 2
[22/07/2014 14:18] start test 2
[22/07/2014 14:31] start test 2
[22/07/2014 14:44] start test 2
[22/07/2014 14:48] start test 2 (shutting down compute04)
[22/07/2014 14:50] end of VM spawning of previous test

[24/07/2014 12:42] start test 3
[24/07/2014 12:45] stop compute04
[24/07/2014 12:47] start compute04 (dj jul 24 12:47:48 CEST 2014)
[24/07/2014 12:50] compute04 fully operational (dj jul 24 12:50:25 CEST 2014) ---> 137 sec to boot.
[24/07/2014 12:04] increase load on compute02 (1 per second, 37 in total)
[24/07/2014 12:05] stop load
[24/07/2014 12:10] increase load on compute02 (1 per second, 62 in total)
[24/07/2014 12:12] stop load

[25/07/2014 09:14] start test 2
[25/07/2014 10:21] start test 2 default
[25/07/2014 10:33] test 2 default VMs are terminated
